<?xml version="1.0" encoding="UTF-8"?>
<!-- Generated by org.testng.reporters.JUnitXMLReporter -->
<testsuite ignored="0" hostname="DESKTOP-1FLO5NT" failures="0" tests="5" name="Default test" time="128.016" errors="0" timestamp="2024-12-01T12:37:01 IST">
  <testcase classname="testCase.DemoQA" name="FillthePracticeform" time="12.99"/>
  <testcase classname="testCase.DemoQA" name="FillthePracticeform" time="12.729"/>
  <testcase classname="testCase.DemoQA" name="FillthePracticeform" time="11.931"/>
  <testcase classname="testCase.DemoQA" name="FillthePracticeform" time="13.626"/>
  <testcase classname="testCase.DemoQA" name="FillthePracticeform" time="12.728"/>
</testsuite> <!-- Default test -->
