<?xml version="1.0" encoding="UTF-8"?>
<testng-results ignored="0" total="5" passed="5" failed="0" skipped="0">
  <reporter-output>
  </reporter-output>
  <suite started-at="2024-12-01T12:34:53 IST" name="Default suite" finished-at="2024-12-01T12:37:01 IST" duration-ms="128016">
    <groups>
    </groups>
    <test started-at="2024-12-01T12:34:53 IST" name="Default test" finished-at="2024-12-01T12:37:01 IST" duration-ms="128016">
      <class name="testCase.DemoQA">
        <test-method is-config="true" signature="setup()[pri:0, instance:testCase.DemoQA@3b0090a4]" started-at="2024-12-01T12:34:53 IST" name="setup" finished-at="2024-12-01T12:35:05 IST" duration-ms="11723" status="PASS">
          <reporter-output>
          </reporter-output>
        </test-method> <!-- setup -->
        <test-method signature="FillthePracticeform(java.lang.String,java.lang.String,java.lang.String,java.lang.String,java.lang.String,java.lang.String,java.lang.String,java.lang.String,java.lang.String,int)[pri:0, instance:testCase.DemoQA@3b0090a4]" started-at="2024-12-01T12:35:05 IST" name="FillthePracticeform" data-provider="demoqa" finished-at="2024-12-01T12:35:18 IST" duration-ms="12990" status="PASS">
          <params>
            <param index="0">
              <value>
                <![CDATA[Murugesh E]]>
              </value>
            </param>
            <param index="1">
              <value>
                <![CDATA[MurugeshKonar@example.com]]>
              </value>
            </param>
            <param index="2">
              <value>
                <![CDATA[Male]]>
              </value>
            </param>
            <param index="3">
              <value>
                <![CDATA[1234567890]]>
              </value>
            </param>
            <param index="4">
              <value>
                <![CDATA[23-Oct-1999]]>
              </value>
            </param>
            <param index="5">
              <value>
                <![CDATA[Maths, Physics]]>
              </value>
            </param>
            <param index="6">
              <value>
                <![CDATA[123 MG, Road, Agra, Uttar Pradesh]]>
              </value>
            </param>
            <param index="7">
              <value>
                <![CDATA[Name:Murugesh E
Email:MurugeshKonar@example.com
Current Address :123 MG, Road, Agra, Uttar Pradesh
Permananet Address :123 MG, Road, Agra, Uttar Pradesh]]>
              </value>
            </param>
            <param index="8">
              <value>
                <![CDATA[]]>
              </value>
            </param>
            <param index="9">
              <value>
                <![CDATA[1]]>
              </value>
            </param>
          </params>
          <reporter-output>
          </reporter-output>
        </test-method> <!-- FillthePracticeform -->
        <test-method is-config="true" signature="flush()[pri:0, instance:testCase.DemoQA@3b0090a4]" started-at="2024-12-01T12:35:18 IST" name="flush" finished-at="2024-12-01T12:35:20 IST" duration-ms="1417" status="PASS">
          <reporter-output>
          </reporter-output>
        </test-method> <!-- flush -->
        <test-method is-config="true" signature="setup()[pri:0, instance:testCase.DemoQA@3b0090a4]" started-at="2024-12-01T12:35:20 IST" name="setup" finished-at="2024-12-01T12:35:31 IST" duration-ms="11027" status="PASS">
          <reporter-output>
          </reporter-output>
        </test-method> <!-- setup -->
        <test-method signature="FillthePracticeform(java.lang.String,java.lang.String,java.lang.String,java.lang.String,java.lang.String,java.lang.String,java.lang.String,java.lang.String,java.lang.String,int)[pri:0, instance:testCase.DemoQA@3b0090a4]" started-at="2024-12-01T12:35:31 IST" name="FillthePracticeform" data-provider="demoqa" finished-at="2024-12-01T12:35:43 IST" duration-ms="12729" status="PASS">
          <params>
            <param index="0">
              <value>
                <![CDATA[Satish E]]>
              </value>
            </param>
            <param index="1">
              <value>
                <![CDATA[Satish@example.com]]>
              </value>
            </param>
            <param index="2">
              <value>
                <![CDATA[Male]]>
              </value>
            </param>
            <param index="3">
              <value>
                <![CDATA[9876543210]]>
              </value>
            </param>
            <param index="4">
              <value>
                <![CDATA[15-May-1978]]>
              </value>
            </param>
            <param index="5">
              <value>
                <![CDATA[Maths, Physics]]>
              </value>
            </param>
            <param index="6">
              <value>
                <![CDATA[654, Carter Road, Karnal, Haryana]]>
              </value>
            </param>
            <param index="7">
              <value>
                <![CDATA[Name:Satish E
Email:Satish@example.com
Current Address :654, Carter Road, Karnal, Haryana
Permananet Address :654, Carter Road, Karnal, Haryana]]>
              </value>
            </param>
            <param index="8">
              <value>
                <![CDATA[]]>
              </value>
            </param>
            <param index="9">
              <value>
                <![CDATA[2]]>
              </value>
            </param>
          </params>
          <reporter-output>
          </reporter-output>
        </test-method> <!-- FillthePracticeform -->
        <test-method is-config="true" signature="flush()[pri:0, instance:testCase.DemoQA@3b0090a4]" started-at="2024-12-01T12:35:43 IST" name="flush" finished-at="2024-12-01T12:35:45 IST" duration-ms="1377" status="PASS">
          <reporter-output>
          </reporter-output>
        </test-method> <!-- flush -->
        <test-method is-config="true" signature="setup()[pri:0, instance:testCase.DemoQA@3b0090a4]" started-at="2024-12-01T12:35:45 IST" name="setup" finished-at="2024-12-01T12:35:57 IST" duration-ms="11904" status="PASS">
          <reporter-output>
          </reporter-output>
        </test-method> <!-- setup -->
        <test-method signature="FillthePracticeform(java.lang.String,java.lang.String,java.lang.String,java.lang.String,java.lang.String,java.lang.String,java.lang.String,java.lang.String,java.lang.String,int)[pri:0, instance:testCase.DemoQA@3b0090a4]" started-at="2024-12-01T12:35:57 IST" name="FillthePracticeform" data-provider="demoqa" finished-at="2024-12-01T12:36:09 IST" duration-ms="11931" status="PASS">
          <params>
            <param index="0">
              <value>
                <![CDATA[Sanjay Verma]]>
              </value>
            </param>
            <param index="1">
              <value>
                <![CDATA[Sanjay.verma@outlook.com]]>
              </value>
            </param>
            <param index="2">
              <value>
                <![CDATA[Male]]>
              </value>
            </param>
            <param index="3">
              <value>
                <![CDATA[8765432102]]>
              </value>
            </param>
            <param index="4">
              <value>
                <![CDATA[14-Jul-1976]]>
              </value>
            </param>
            <param index="5">
              <value>
                <![CDATA[Maths, Physics]]>
              </value>
            </param>
            <param index="6">
              <value>
                <![CDATA[789, Park Avenue, Delhi, NCR]]>
              </value>
            </param>
            <param index="7">
              <value>
                <![CDATA[Name:Sanjay Verma
Email:Sanjay.verma@outlook.com
Current Address :789, Park Avenue, Delhi, NCR
Permananet Address :789, Park Avenue, Delhi, NCR]]>
              </value>
            </param>
            <param index="8">
              <value>
                <![CDATA[]]>
              </value>
            </param>
            <param index="9">
              <value>
                <![CDATA[3]]>
              </value>
            </param>
          </params>
          <reporter-output>
          </reporter-output>
        </test-method> <!-- FillthePracticeform -->
        <test-method is-config="true" signature="flush()[pri:0, instance:testCase.DemoQA@3b0090a4]" started-at="2024-12-01T12:36:09 IST" name="flush" finished-at="2024-12-01T12:36:10 IST" duration-ms="1374" status="PASS">
          <reporter-output>
          </reporter-output>
        </test-method> <!-- flush -->
        <test-method is-config="true" signature="setup()[pri:0, instance:testCase.DemoQA@3b0090a4]" started-at="2024-12-01T12:36:10 IST" name="setup" finished-at="2024-12-01T12:36:21 IST" duration-ms="10576" status="PASS">
          <reporter-output>
          </reporter-output>
        </test-method> <!-- setup -->
        <test-method signature="FillthePracticeform(java.lang.String,java.lang.String,java.lang.String,java.lang.String,java.lang.String,java.lang.String,java.lang.String,java.lang.String,java.lang.String,int)[pri:0, instance:testCase.DemoQA@3b0090a4]" started-at="2024-12-01T12:36:21 IST" name="FillthePracticeform" data-provider="demoqa" finished-at="2024-12-01T12:36:34 IST" duration-ms="13626" status="PASS">
          <params>
            <param index="0">
              <value>
                <![CDATA[Rohit Gupta]]>
              </value>
            </param>
            <param index="1">
              <value>
                <![CDATA[Rohit.gupta@hotmail.com]]>
              </value>
            </param>
            <param index="2">
              <value>
                <![CDATA[Male]]>
              </value>
            </param>
            <param index="3">
              <value>
                <![CDATA[7894561230]]>
              </value>
            </param>
            <param index="4">
              <value>
                <![CDATA[12-May-2010]]>
              </value>
            </param>
            <param index="5">
              <value>
                <![CDATA[Maths, Physics]]>
              </value>
            </param>
            <param index="6">
              <value>
                <![CDATA[420, Shivaji Nagar, Jaipur, Rajasthan]]>
              </value>
            </param>
            <param index="7">
              <value>
                <![CDATA[Name:Rohit Gupta
Email:Rohit.gupta@hotmail.com
Current Address :420, Shivaji Nagar, Jaipur, Rajasthan
Permananet Address :420, Shivaji Nagar, Jaipur, Rajasthan]]>
              </value>
            </param>
            <param index="8">
              <value>
                <![CDATA[]]>
              </value>
            </param>
            <param index="9">
              <value>
                <![CDATA[4]]>
              </value>
            </param>
          </params>
          <reporter-output>
          </reporter-output>
        </test-method> <!-- FillthePracticeform -->
        <test-method is-config="true" signature="flush()[pri:0, instance:testCase.DemoQA@3b0090a4]" started-at="2024-12-01T12:36:34 IST" name="flush" finished-at="2024-12-01T12:36:36 IST" duration-ms="1430" status="PASS">
          <reporter-output>
          </reporter-output>
        </test-method> <!-- flush -->
        <test-method is-config="true" signature="setup()[pri:0, instance:testCase.DemoQA@3b0090a4]" started-at="2024-12-01T12:36:36 IST" name="setup" finished-at="2024-12-01T12:36:46 IST" duration-ms="10867" status="PASS">
          <reporter-output>
          </reporter-output>
        </test-method> <!-- setup -->
        <test-method signature="FillthePracticeform(java.lang.String,java.lang.String,java.lang.String,java.lang.String,java.lang.String,java.lang.String,java.lang.String,java.lang.String,java.lang.String,int)[pri:0, instance:testCase.DemoQA@3b0090a4]" started-at="2024-12-01T12:36:46 IST" name="FillthePracticeform" data-provider="demoqa" finished-at="2024-12-01T12:36:59 IST" duration-ms="12728" status="PASS">
          <params>
            <param index="0">
              <value>
                <![CDATA[Kavita Nair]]>
              </value>
            </param>
            <param index="1">
              <value>
                <![CDATA[Kavita.Nair@gmail.com]]>
              </value>
            </param>
            <param index="2">
              <value>
                <![CDATA[Female]]>
              </value>
            </param>
            <param index="3">
              <value>
                <![CDATA[8547621945]]>
              </value>
            </param>
            <param index="4">
              <value>
                <![CDATA[15-Dec-1969]]>
              </value>
            </param>
            <param index="5">
              <value>
                <![CDATA[Maths, Physics]]>
              </value>
            </param>
            <param index="6">
              <value>
                <![CDATA[321, Marine Drive, Noida, NCR]]>
              </value>
            </param>
            <param index="7">
              <value>
                <![CDATA[Name:Kavita Nair
Email:Kavita.Nair@gmail.com
Current Address :321, Marine Drive, Noida, NCR
Permananet Address :321, Marine Drive, Noida, NCR]]>
              </value>
            </param>
            <param index="8">
              <value>
                <![CDATA[]]>
              </value>
            </param>
            <param index="9">
              <value>
                <![CDATA[5]]>
              </value>
            </param>
          </params>
          <reporter-output>
          </reporter-output>
        </test-method> <!-- FillthePracticeform -->
        <test-method is-config="true" signature="flush()[pri:0, instance:testCase.DemoQA@3b0090a4]" started-at="2024-12-01T12:36:59 IST" name="flush" finished-at="2024-12-01T12:37:01 IST" duration-ms="1342" status="PASS">
          <reporter-output>
          </reporter-output>
        </test-method> <!-- flush -->
      </class> <!-- testCase.DemoQA -->
    </test> <!-- Default test -->
  </suite> <!-- Default suite -->
</testng-results>
