<?xml version="1.0" encoding="UTF-8"?>
<testng-results ignored="0" total="5" passed="4" failed="1" skipped="0">
  <reporter-output>
  </reporter-output>
  <suite started-at="2024-11-30T15:22:53 IST" name="Default suite" finished-at="2024-11-30T15:24:58 IST" duration-ms="125065">
    <groups>
    </groups>
    <test started-at="2024-11-30T15:22:53 IST" name="Default test" finished-at="2024-11-30T15:24:58 IST" duration-ms="125065">
      <class name="testCase.DemoQA">
        <test-method is-config="true" signature="setup()[pri:0, instance:testCase.DemoQA@233795b6]" started-at="2024-11-30T15:22:54 IST" name="setup" finished-at="2024-11-30T15:23:19 IST" duration-ms="25266" status="PASS">
          <reporter-output>
          </reporter-output>
        </test-method> <!-- setup -->
        <test-method signature="Fillthetextboxform(java.lang.String,java.lang.String,java.lang.String,java.lang.String,int)[pri:0, instance:testCase.DemoQA@233795b6]" started-at="2024-11-30T15:23:19 IST" name="Fillthetextboxform" data-provider="demoqa" finished-at="2024-11-30T15:23:21 IST" duration-ms="2680" status="FAIL">
          <params>
            <param index="0">
              <value>
                <![CDATA[Murugesh E]]>
              </value>
            </param>
            <param index="1">
              <value>
                <![CDATA[MurugeshKonar@example.com]]>
              </value>
            </param>
            <param index="2">
              <value>
                <![CDATA[123 MG, Road, Bangalore, Karnataka]]>
              </value>
            </param>
            <param index="3">
              <value>
                <![CDATA[]]>
              </value>
            </param>
            <param index="4">
              <value>
                <![CDATA[1]]>
              </value>
            </param>
          </params>
          <exception class="org.openqa.selenium.ElementClickInterceptedException">
            <message>
              <![CDATA[element click intercepted: Element <button id="submit" type="button" class="btn btn-primary">...</button> is not clickable at point (1074, 666). Other element would receive the click: <iframe frameborder="0" src="https://53a02fc00735e0b76b4840b46a316050.safeframe.googlesyndication.com/safeframe/1-0-40/html/container.html" id="google_ads_iframe_/21849154601,22343295815/Ad.Plus-Anchor_0" title="3rd party ad content" name="" scrolling="no" marginwidth="0" marginheight="0" width="728" height="90" data-is-safeframe="true" sandbox="allow-forms allow-popups allow-popups-to-escape-sandbox allow-same-origin allow-scripts allow-top-navigation-by-user-activation" allow="private-state-token-redemption;attribution-reporting" aria-label="Advertisement" tabindex="0" data-google-container-id="1" style="border: 0px; vertical-align: bottom;" data-load-complete="true"></iframe>
  (Session info: MicrosoftEdge=131.0.2903.70)
Build info: version: '4.27.0', revision: 'd6e718d134'
System info: os.name: 'Windows 10', os.arch: 'amd64', os.version: '10.0', java.version: '23.0.1'
Driver info: org.openqa.selenium.edge.EdgeDriver
Command: [8e660668dd09a5b1b90dd3ab6d54f906, clickElement {id=f.CE6E409B9BFBAB6C33468BBABC5B0B15.d.63D742188A204046A26798E1E5A5B048.e.41}]
Capabilities {acceptInsecureCerts: false, browserName: MicrosoftEdge, browserVersion: 131.0.2903.70, fedcm:accounts: true, ms:edgeOptions: {debuggerAddress: localhost:56056}, msedge: {msedgedriverVersion: 131.0.2903.70 (73cf19ceae66..., userDataDir: C:\Users\gamep\AppData\Loca...}, networkConnectionEnabled: false, pageLoadStrategy: normal, platformName: windows, proxy: Proxy(), se:cdp: ws://localhost:56056/devtoo..., se:cdpVersion: 131.0.2903.70, setWindowRect: true, strictFileInteractability: false, timeouts: {implicit: 0, pageLoad: 300000, script: 30000}, unhandledPromptBehavior: dismiss and notify, webauthn:extension:credBlob: true, webauthn:extension:largeBlob: true, webauthn:extension:minPinLength: true, webauthn:extension:prf: true, webauthn:virtualAuthenticators: true}
Element: [[EdgeDriver: MicrosoftEdge on windows (8e660668dd09a5b1b90dd3ab6d54f906)] -> xpath: //button[@id='submit']]
Session ID: 8e660668dd09a5b1b90dd3ab6d54f906]]>
            </message>
            <full-stacktrace>
              <![CDATA[org.openqa.selenium.ElementClickInterceptedException: element click intercepted: Element <button id="submit" type="button" class="btn btn-primary">...</button> is not clickable at point (1074, 666). Other element would receive the click: <iframe frameborder="0" src="https://53a02fc00735e0b76b4840b46a316050.safeframe.googlesyndication.com/safeframe/1-0-40/html/container.html" id="google_ads_iframe_/21849154601,22343295815/Ad.Plus-Anchor_0" title="3rd party ad content" name="" scrolling="no" marginwidth="0" marginheight="0" width="728" height="90" data-is-safeframe="true" sandbox="allow-forms allow-popups allow-popups-to-escape-sandbox allow-same-origin allow-scripts allow-top-navigation-by-user-activation" allow="private-state-token-redemption;attribution-reporting" aria-label="Advertisement" tabindex="0" data-google-container-id="1" style="border: 0px; vertical-align: bottom;" data-load-complete="true"></iframe>
  (Session info: MicrosoftEdge=131.0.2903.70)
Build info: version: '4.27.0', revision: 'd6e718d134'
System info: os.name: 'Windows 10', os.arch: 'amd64', os.version: '10.0', java.version: '23.0.1'
Driver info: org.openqa.selenium.edge.EdgeDriver
Command: [8e660668dd09a5b1b90dd3ab6d54f906, clickElement {id=f.CE6E409B9BFBAB6C33468BBABC5B0B15.d.63D742188A204046A26798E1E5A5B048.e.41}]
Capabilities {acceptInsecureCerts: false, browserName: MicrosoftEdge, browserVersion: 131.0.2903.70, fedcm:accounts: true, ms:edgeOptions: {debuggerAddress: localhost:56056}, msedge: {msedgedriverVersion: 131.0.2903.70 (73cf19ceae66..., userDataDir: C:\Users\gamep\AppData\Loca...}, networkConnectionEnabled: false, pageLoadStrategy: normal, platformName: windows, proxy: Proxy(), se:cdp: ws://localhost:56056/devtoo..., se:cdpVersion: 131.0.2903.70, setWindowRect: true, strictFileInteractability: false, timeouts: {implicit: 0, pageLoad: 300000, script: 30000}, unhandledPromptBehavior: dismiss and notify, webauthn:extension:credBlob: true, webauthn:extension:largeBlob: true, webauthn:extension:minPinLength: true, webauthn:extension:prf: true, webauthn:virtualAuthenticators: true}
Element: [[EdgeDriver: MicrosoftEdge on windows (8e660668dd09a5b1b90dd3ab6d54f906)] -> xpath: //button[@id='submit']]
Session ID: 8e660668dd09a5b1b90dd3ab6d54f906
at java.base/jdk.internal.reflect.DirectConstructorHandleAccessor.newInstance(DirectConstructorHandleAccessor.java:62)
at java.base/java.lang.reflect.Constructor.newInstanceWithCaller(Constructor.java:501)
at java.base/java.lang.reflect.Constructor.newInstance(Constructor.java:485)
at org.openqa.selenium.remote.ErrorCodec.decode(ErrorCodec.java:167)
at org.openqa.selenium.remote.codec.w3c.W3CHttpResponseCodec.decode(W3CHttpResponseCodec.java:138)
at org.openqa.selenium.remote.codec.w3c.W3CHttpResponseCodec.decode(W3CHttpResponseCodec.java:50)
at org.openqa.selenium.remote.HttpCommandExecutor.execute(HttpCommandExecutor.java:190)
at org.openqa.selenium.remote.service.DriverCommandExecutor.invokeExecute(DriverCommandExecutor.java:216)
at org.openqa.selenium.remote.service.DriverCommandExecutor.execute(DriverCommandExecutor.java:174)
at org.openqa.selenium.remote.RemoteWebDriver.execute(RemoteWebDriver.java:545)
at org.openqa.selenium.remote.RemoteWebElement.execute(RemoteWebElement.java:223)
at org.openqa.selenium.remote.RemoteWebElement.click(RemoteWebElement.java:76)
at testCase.DemoQA.Fillthetextboxform(DemoQA.java:47)
at java.base/jdk.internal.reflect.DirectMethodHandleAccessor.invoke(DirectMethodHandleAccessor.java:103)
at java.base/java.lang.reflect.Method.invoke(Method.java:580)
at org.testng.internal.invokers.MethodInvocationHelper.invokeMethod(MethodInvocationHelper.java:141)
at org.testng.internal.invokers.TestInvoker.invokeMethod(TestInvoker.java:686)
at org.testng.internal.invokers.TestInvoker.invokeTestMethod(TestInvoker.java:230)
at org.testng.internal.invokers.MethodRunner.runInSequence(MethodRunner.java:63)
at org.testng.internal.invokers.TestInvoker$MethodInvocationAgent.invoke(TestInvoker.java:992)
at org.testng.internal.invokers.TestInvoker.invokeTestMethods(TestInvoker.java:203)
at org.testng.internal.invokers.TestMethodWorker.invokeTestMethods(TestMethodWorker.java:154)
at org.testng.internal.invokers.TestMethodWorker.run(TestMethodWorker.java:134)
at java.base/java.util.ArrayList.forEach(ArrayList.java:1597)
at org.testng.TestRunner.privateRun(TestRunner.java:739)
at org.testng.TestRunner.run(TestRunner.java:614)
at org.testng.SuiteRunner.runTest(SuiteRunner.java:421)
at org.testng.SuiteRunner.runSequentially(SuiteRunner.java:413)
at org.testng.SuiteRunner.privateRun(SuiteRunner.java:373)
at org.testng.SuiteRunner.run(SuiteRunner.java:312)
at org.testng.SuiteRunnerWorker.runSuite(SuiteRunnerWorker.java:52)
at org.testng.SuiteRunnerWorker.run(SuiteRunnerWorker.java:95)
at org.testng.TestNG.runSuitesSequentially(TestNG.java:1274)
at org.testng.TestNG.runSuitesLocally(TestNG.java:1208)
at org.testng.TestNG.runSuites(TestNG.java:1112)
at org.testng.TestNG.run(TestNG.java:1079)
at org.testng.remote.AbstractRemoteTestNG.run(AbstractRemoteTestNG.java:115)
at org.testng.remote.RemoteTestNG.initAndRun(RemoteTestNG.java:293)
at org.testng.remote.RemoteTestNG.main(RemoteTestNG.java:91)
]]>
            </full-stacktrace>
          </exception> <!-- org.openqa.selenium.ElementClickInterceptedException -->
          <reporter-output>
          </reporter-output>
        </test-method> <!-- Fillthetextboxform -->
        <test-method is-config="true" signature="flush()[pri:0, instance:testCase.DemoQA@233795b6]" started-at="2024-11-30T15:23:21 IST" name="flush" finished-at="2024-11-30T15:23:23 IST" duration-ms="1405" status="PASS">
          <reporter-output>
          </reporter-output>
        </test-method> <!-- flush -->
        <test-method is-config="true" signature="setup()[pri:0, instance:testCase.DemoQA@233795b6]" started-at="2024-11-30T15:23:23 IST" name="setup" finished-at="2024-11-30T15:23:44 IST" duration-ms="20743" status="PASS">
          <reporter-output>
          </reporter-output>
        </test-method> <!-- setup -->
        <test-method signature="Fillthetextboxform(java.lang.String,java.lang.String,java.lang.String,java.lang.String,int)[pri:0, instance:testCase.DemoQA@233795b6]" started-at="2024-11-30T15:23:44 IST" name="Fillthetextboxform" data-provider="demoqa" finished-at="2024-11-30T15:23:46 IST" duration-ms="2706" status="PASS">
          <params>
            <param index="0">
              <value>
                <![CDATA[Satish E]]>
              </value>
            </param>
            <param index="1">
              <value>
                <![CDATA[Satish@example.com]]>
              </value>
            </param>
            <param index="2">
              <value>
                <![CDATA[654, Carter Road, Mumbai, Maharashtra]]>
              </value>
            </param>
            <param index="3">
              <value>
                <![CDATA[]]>
              </value>
            </param>
            <param index="4">
              <value>
                <![CDATA[2]]>
              </value>
            </param>
          </params>
          <reporter-output>
          </reporter-output>
        </test-method> <!-- Fillthetextboxform -->
        <test-method is-config="true" signature="flush()[pri:0, instance:testCase.DemoQA@233795b6]" started-at="2024-11-30T15:23:46 IST" name="flush" finished-at="2024-11-30T15:23:48 IST" duration-ms="1348" status="PASS">
          <reporter-output>
          </reporter-output>
        </test-method> <!-- flush -->
        <test-method is-config="true" signature="setup()[pri:0, instance:testCase.DemoQA@233795b6]" started-at="2024-11-30T15:23:48 IST" name="setup" finished-at="2024-11-30T15:24:08 IST" duration-ms="20126" status="PASS">
          <reporter-output>
          </reporter-output>
        </test-method> <!-- setup -->
        <test-method signature="Fillthetextboxform(java.lang.String,java.lang.String,java.lang.String,java.lang.String,int)[pri:0, instance:testCase.DemoQA@233795b6]" started-at="2024-11-30T15:24:08 IST" name="Fillthetextboxform" data-provider="demoqa" finished-at="2024-11-30T15:24:12 IST" duration-ms="4069" status="PASS">
          <params>
            <param index="0">
              <value>
                <![CDATA[Sanjay Verma]]>
              </value>
            </param>
            <param index="1">
              <value>
                <![CDATA[Sanjay.verma@outlook.com]]>
              </value>
            </param>
            <param index="2">
              <value>
                <![CDATA[789, Park Avenue, New Delhi, Delhi]]>
              </value>
            </param>
            <param index="3">
              <value>
                <![CDATA[]]>
              </value>
            </param>
            <param index="4">
              <value>
                <![CDATA[3]]>
              </value>
            </param>
          </params>
          <reporter-output>
          </reporter-output>
        </test-method> <!-- Fillthetextboxform -->
        <test-method is-config="true" signature="flush()[pri:0, instance:testCase.DemoQA@233795b6]" started-at="2024-11-30T15:24:12 IST" name="flush" finished-at="2024-11-30T15:24:13 IST" duration-ms="1426" status="PASS">
          <reporter-output>
          </reporter-output>
        </test-method> <!-- flush -->
        <test-method is-config="true" signature="setup()[pri:0, instance:testCase.DemoQA@233795b6]" started-at="2024-11-30T15:24:13 IST" name="setup" finished-at="2024-11-30T15:24:36 IST" duration-ms="23070" status="PASS">
          <reporter-output>
          </reporter-output>
        </test-method> <!-- setup -->
        <test-method signature="Fillthetextboxform(java.lang.String,java.lang.String,java.lang.String,java.lang.String,int)[pri:0, instance:testCase.DemoQA@233795b6]" started-at="2024-11-30T15:24:36 IST" name="Fillthetextboxform" data-provider="demoqa" finished-at="2024-11-30T15:24:39 IST" duration-ms="2992" status="PASS">
          <params>
            <param index="0">
              <value>
                <![CDATA[Rohit Gupta]]>
              </value>
            </param>
            <param index="1">
              <value>
                <![CDATA[Rohit.gupta@hotmail.com]]>
              </value>
            </param>
            <param index="2">
              <value>
                <![CDATA[420, Shivaji Nagar, Mumbai, Maharastra]]>
              </value>
            </param>
            <param index="3">
              <value>
                <![CDATA[]]>
              </value>
            </param>
            <param index="4">
              <value>
                <![CDATA[4]]>
              </value>
            </param>
          </params>
          <reporter-output>
          </reporter-output>
        </test-method> <!-- Fillthetextboxform -->
        <test-method is-config="true" signature="flush()[pri:0, instance:testCase.DemoQA@233795b6]" started-at="2024-11-30T15:24:39 IST" name="flush" finished-at="2024-11-30T15:24:41 IST" duration-ms="1724" status="PASS">
          <reporter-output>
          </reporter-output>
        </test-method> <!-- flush -->
        <test-method is-config="true" signature="setup()[pri:0, instance:testCase.DemoQA@233795b6]" started-at="2024-11-30T15:24:41 IST" name="setup" finished-at="2024-11-30T15:24:45 IST" duration-ms="3608" status="PASS">
          <reporter-output>
          </reporter-output>
        </test-method> <!-- setup -->
        <test-method signature="Fillthetextboxform(java.lang.String,java.lang.String,java.lang.String,java.lang.String,int)[pri:0, instance:testCase.DemoQA@233795b6]" started-at="2024-11-30T15:24:45 IST" name="Fillthetextboxform" data-provider="demoqa" finished-at="2024-11-30T15:24:56 IST" duration-ms="11402" status="PASS">
          <params>
            <param index="0">
              <value>
                <![CDATA[Kavita Nair]]>
              </value>
            </param>
            <param index="1">
              <value>
                <![CDATA[Kavita.Nair@gmail.com]]>
              </value>
            </param>
            <param index="2">
              <value>
                <![CDATA[321, Marine Drive, Kochi, Kerala]]>
              </value>
            </param>
            <param index="3">
              <value>
                <![CDATA[]]>
              </value>
            </param>
            <param index="4">
              <value>
                <![CDATA[5]]>
              </value>
            </param>
          </params>
          <reporter-output>
          </reporter-output>
        </test-method> <!-- Fillthetextboxform -->
        <test-method is-config="true" signature="flush()[pri:0, instance:testCase.DemoQA@233795b6]" started-at="2024-11-30T15:24:56 IST" name="flush" finished-at="2024-11-30T15:24:58 IST" duration-ms="1442" status="PASS">
          <reporter-output>
          </reporter-output>
        </test-method> <!-- flush -->
      </class> <!-- testCase.DemoQA -->
    </test> <!-- Default test -->
  </suite> <!-- Default suite -->
</testng-results>
